<?xml version="1.0" encoding="UTF-8"?>
<!-- Generated by org.testng.reporters.JUnitXMLReporter -->
<testsuite ignored="0" hostname="LAPTOP-7HFOLU5R" failures="0" tests="4" name="Default test" time="0.212" errors="0" timestamp="2021-04-10T13:26:12 IST">
  <testcase classname="com.framework.org.MavenProject.IgnoreTest" name="amazon" time="0.035"/>
  <testcase classname="com.framework.org.MavenProject.IgnoreTest" name="flipkart" time="0.003"/>
  <testcase classname="com.framework.org.MavenProject.IgnoreTest" name="freekart" time="0.003"/>
  <testcase classname="com.framework.org.MavenProject.IgnoreTest" name="ultra" time="0.013"/>
</testsuite> <!-- Default test -->
