<?xml version="1.0" encoding="UTF-8"?>
<!-- Generated by org.testng.reporters.JUnitXMLReporter -->
<testsuite ignored="1" hostname="LAPTOP-7HFOLU5R" failures="0" tests="3" name="Test" time="0.255" errors="0" timestamp="2021-04-10T13:25:10 IST">
  <testcase classname="com.framework.org.MavenProject.IgnoreTest" name="flipkart" time="0.047"/>
  <testcase classname="com.framework.org.MavenProject.IgnoreTest" name="freekart" time="0.005"/>
  <testcase classname="com.framework.org.MavenProject.IgnoreTest" name="ultra" time="0.005"/>
  <testcase classname="com.framework.org.MavenProject.IgnoreTest" name="amazon" time="0.0">
    <ignored/>
  </testcase> <!-- amazon -->
</testsuite> <!-- Test -->
