<?xml version="1.0" encoding="UTF-8"?>
<testng-results ignored="0" total="4" passed="4" failed="0" skipped="0">
  <reporter-output>
  </reporter-output>
  <suite started-at="2021-04-10T13:26:12 IST" name="Default suite" finished-at="2021-04-10T13:26:12 IST" duration-ms="212">
    <groups>
    </groups>
    <test started-at="2021-04-10T13:26:12 IST" name="Default test" finished-at="2021-04-10T13:26:12 IST" duration-ms="212">
      <class name="com.framework.org.MavenProject.IgnoreTest">
        <test-method signature="amazon()[pri:0, instance:com.framework.org.MavenProject.IgnoreTest@3943a2be]" started-at="2021-04-10T13:26:12 IST" name="amazon" finished-at="2021-04-10T13:26:12 IST" duration-ms="35" status="PASS">
          <reporter-output>
          </reporter-output>
        </test-method> <!-- amazon -->
        <test-method signature="flipkart()[pri:0, instance:com.framework.org.MavenProject.IgnoreTest@3943a2be]" started-at="2021-04-10T13:26:12 IST" name="flipkart" finished-at="2021-04-10T13:26:12 IST" duration-ms="3" status="PASS">
          <reporter-output>
          </reporter-output>
        </test-method> <!-- flipkart -->
        <test-method signature="freekart()[pri:0, instance:com.framework.org.MavenProject.IgnoreTest@3943a2be]" started-at="2021-04-10T13:26:12 IST" name="freekart" finished-at="2021-04-10T13:26:12 IST" duration-ms="3" status="PASS">
          <reporter-output>
          </reporter-output>
        </test-method> <!-- freekart -->
        <test-method signature="ultra()[pri:0, instance:com.framework.org.MavenProject.IgnoreTest@3943a2be]" started-at="2021-04-10T13:26:12 IST" name="ultra" finished-at="2021-04-10T13:26:12 IST" duration-ms="13" status="PASS">
          <reporter-output>
          </reporter-output>
        </test-method> <!-- ultra -->
      </class> <!-- com.framework.org.MavenProject.IgnoreTest -->
    </test> <!-- Default test -->
  </suite> <!-- Default suite -->
</testng-results>
